<?xml version="1.0" encoding="UTF-8"?>
<testng-results ignored="0" total="5" passed="2" failed="3" skipped="0">
  <reporter-output>
    <line>
      <![CDATA[<a href='C:\Users\User\Documents\GitHub\rcgchallenge\test-output\screenshots\Report_22_06_2024_12_34_07_BUILD-8\performAdditionTest.png'> <img src='C:\Users\User\Documents\GitHub\rcgchallenge\test-output\screenshots\Report_22_06_2024_12_34_07_BUILD-8\performAdditionTest.png' height='100' width='100'/> </a>]]>
    </line>
    <line>
      <![CDATA[<a href='C:\Users\User\Documents\GitHub\rcgchallenge\test-output\screenshots\Report_22_06_2024_12_34_07_BUILD-8\performConcatenationTest.png'> <img src='C:\Users\User\Documents\GitHub\rcgchallenge\test-output\screenshots\Report_22_06_2024_12_34_07_BUILD-8\performConcatenationTest.png' height='100' width='100'/> </a>]]>
    </line>
    <line>
      <![CDATA[<a href='C:\Users\User\Documents\GitHub\rcgchallenge\test-output\screenshots\Report_22_06_2024_12_34_07_BUILD-8\performDivisionTest.png'> <img src='C:\Users\User\Documents\GitHub\rcgchallenge\test-output\screenshots\Report_22_06_2024_12_34_07_BUILD-8\performDivisionTest.png' height='100' width='100'/> </a>]]>
    </line>
    <line>
      <![CDATA[<a href='C:\Users\User\Documents\GitHub\rcgchallenge\test-output\screenshots\Report_22_06_2024_12_34_07_BUILD-8\performMultiplicationTest.png'> <img src='C:\Users\User\Documents\GitHub\rcgchallenge\test-output\screenshots\Report_22_06_2024_12_34_07_BUILD-8\performMultiplicationTest.png' height='100' width='100'/> </a>]]>
    </line>
    <line>
      <![CDATA[<a href='C:\Users\User\Documents\GitHub\rcgchallenge\test-output\screenshots\Report_22_06_2024_12_34_07_BUILD-8\performSubtractionTest.png'> <img src='C:\Users\User\Documents\GitHub\rcgchallenge\test-output\screenshots\Report_22_06_2024_12_34_07_BUILD-8\performSubtractionTest.png' height='100' width='100'/> </a>]]>
    </line>
  </reporter-output>
  <suite started-at="2024-06-22T00:34:07 PST" name="Default suite" finished-at="2024-06-22T00:34:22 PST" duration-ms="15013">
    <groups>
    </groups>
    <test started-at="2024-06-22T00:34:07 PST" name="Default test" finished-at="2024-06-22T00:34:22 PST" duration-ms="15013">
      <class name="ian.project.testcases.CalculatorTests">
        <test-method is-config="true" signature="setUp()[pri:0, instance:ian.project.testcases.CalculatorTests@5d0a1059]" started-at="2024-06-22T00:34:00 PST" name="setUp" finished-at="2024-06-22T00:34:07 PST" duration-ms="6376" status="PASS">
          <reporter-output>
          </reporter-output>
        </test-method> <!-- setUp -->
        <test-method is-config="true" signature="setupBeforeTest()[pri:0, instance:ian.project.testcases.CalculatorTests@5d0a1059]" started-at="2024-06-22T00:34:07 PST" name="setupBeforeTest" finished-at="2024-06-22T00:34:07 PST" duration-ms="181" status="PASS">
          <reporter-output>
          </reporter-output>
        </test-method> <!-- setupBeforeTest -->
        <test-method signature="performAdditionTest()[pri:0, instance:ian.project.testcases.CalculatorTests@5d0a1059]" started-at="2024-06-22T00:34:07 PST" name="performAdditionTest" finished-at="2024-06-22T00:34:07 PST" duration-ms="535" status="PASS">
          <reporter-output>
          </reporter-output>
        </test-method> <!-- performAdditionTest -->
        <test-method is-config="true" signature="captureTest(org.testng.ITestResult)[pri:0, instance:ian.project.testcases.CalculatorTests@5d0a1059]" started-at="2024-06-22T00:34:07 PST" name="captureTest" finished-at="2024-06-22T00:34:09 PST" duration-ms="2144" status="PASS">
          <params>
            <param index="0">
              <value>
                <![CDATA[[TestResult name=performAdditionTest status=SUCCESS method=CalculatorTests.performAdditionTest()[pri:0, instance:ian.project.testcases.CalculatorTests@5d0a1059] output={null}]]]>
              </value>
            </param>
          </params>
          <reporter-output>
            <line>
              <![CDATA[<a href='C:\Users\User\Documents\GitHub\rcgchallenge\test-output\screenshots\Report_22_06_2024_12_34_07_BUILD-8\performAdditionTest.png'> <img src='C:\Users\User\Documents\GitHub\rcgchallenge\test-output\screenshots\Report_22_06_2024_12_34_07_BUILD-8\performAdditionTest.png' height='100' width='100'/> </a>]]>
            </line>
          </reporter-output>
        </test-method> <!-- captureTest -->
        <test-method is-config="true" signature="setupBeforeTest()[pri:0, instance:ian.project.testcases.CalculatorTests@5d0a1059]" started-at="2024-06-22T00:34:09 PST" name="setupBeforeTest" finished-at="2024-06-22T00:34:10 PST" duration-ms="214" status="PASS">
          <reporter-output>
          </reporter-output>
        </test-method> <!-- setupBeforeTest -->
        <test-method signature="performConcatenationTest()[pri:0, instance:ian.project.testcases.CalculatorTests@5d0a1059]" started-at="2024-06-22T00:34:10 PST" name="performConcatenationTest" finished-at="2024-06-22T00:34:10 PST" duration-ms="684" status="FAIL">
          <exception class="java.lang.AssertionError">
            <message>
              <![CDATA[expected [1521] but found [2115]]]>
            </message>
            <full-stacktrace>
              <![CDATA[java.lang.AssertionError: expected [1521] but found [2115]
at org.testng.Assert.fail(Assert.java:99)
at org.testng.Assert.failNotEquals(Assert.java:1037)
at org.testng.Assert.assertEqualsImpl(Assert.java:140)
at org.testng.Assert.assertEquals(Assert.java:122)
at org.testng.Assert.assertEquals(Assert.java:629)
at org.testng.Assert.assertEquals(Assert.java:639)
at ian.project.testcases.CalculatorTests.performConcatenationTest(CalculatorTests.java:111)
at java.base/jdk.internal.reflect.NativeMethodAccessorImpl.invoke0(Native Method)
at java.base/jdk.internal.reflect.NativeMethodAccessorImpl.invoke(NativeMethodAccessorImpl.java:77)
at java.base/jdk.internal.reflect.DelegatingMethodAccessorImpl.invoke(DelegatingMethodAccessorImpl.java:43)
at java.base/java.lang.reflect.Method.invoke(Method.java:568)
at org.testng.internal.MethodInvocationHelper.invokeMethod(MethodInvocationHelper.java:133)
at org.testng.internal.TestInvoker.invokeMethod(TestInvoker.java:598)
at org.testng.internal.TestInvoker.invokeTestMethod(TestInvoker.java:173)
at org.testng.internal.MethodRunner.runInSequence(MethodRunner.java:46)
at org.testng.internal.TestInvoker$MethodInvocationAgent.invoke(TestInvoker.java:824)
at org.testng.internal.TestInvoker.invokeTestMethods(TestInvoker.java:146)
at org.testng.internal.TestMethodWorker.invokeTestMethods(TestMethodWorker.java:146)
at org.testng.internal.TestMethodWorker.run(TestMethodWorker.java:128)
at java.base/java.util.ArrayList.forEach(ArrayList.java:1511)
at org.testng.TestRunner.privateRun(TestRunner.java:794)
at org.testng.TestRunner.run(TestRunner.java:596)
at org.testng.SuiteRunner.runTest(SuiteRunner.java:377)
at org.testng.SuiteRunner.runSequentially(SuiteRunner.java:371)
at org.testng.SuiteRunner.privateRun(SuiteRunner.java:332)
at org.testng.SuiteRunner.run(SuiteRunner.java:276)
at org.testng.SuiteRunnerWorker.runSuite(SuiteRunnerWorker.java:53)
at org.testng.SuiteRunnerWorker.run(SuiteRunnerWorker.java:96)
at org.testng.TestNG.runSuitesSequentially(TestNG.java:1212)
at org.testng.TestNG.runSuitesLocally(TestNG.java:1134)
at org.testng.TestNG.runSuites(TestNG.java:1063)
at org.testng.TestNG.run(TestNG.java:1031)
at org.testng.remote.AbstractRemoteTestNG.run(AbstractRemoteTestNG.java:115)
at org.testng.remote.RemoteTestNG.initAndRun(RemoteTestNG.java:293)
at org.testng.remote.RemoteTestNG.main(RemoteTestNG.java:91)
]]>
            </full-stacktrace>
          </exception> <!-- java.lang.AssertionError -->
          <reporter-output>
          </reporter-output>
        </test-method> <!-- performConcatenationTest -->
        <test-method is-config="true" signature="captureTest(org.testng.ITestResult)[pri:0, instance:ian.project.testcases.CalculatorTests@5d0a1059]" started-at="2024-06-22T00:34:10 PST" name="captureTest" finished-at="2024-06-22T00:34:12 PST" duration-ms="2156" status="PASS">
          <params>
            <param index="0">
              <value>
                <![CDATA[[TestResult name=performConcatenationTest status=FAILURE method=CalculatorTests.performConcatenationTest()[pri:0, instance:ian.project.testcases.CalculatorTests@5d0a1059] output={null}]]]>
              </value>
            </param>
          </params>
          <reporter-output>
            <line>
              <![CDATA[<a href='C:\Users\User\Documents\GitHub\rcgchallenge\test-output\screenshots\Report_22_06_2024_12_34_07_BUILD-8\performConcatenationTest.png'> <img src='C:\Users\User\Documents\GitHub\rcgchallenge\test-output\screenshots\Report_22_06_2024_12_34_07_BUILD-8\performConcatenationTest.png' height='100' width='100'/> </a>]]>
            </line>
          </reporter-output>
        </test-method> <!-- captureTest -->
        <test-method is-config="true" signature="setupBeforeTest()[pri:0, instance:ian.project.testcases.CalculatorTests@5d0a1059]" started-at="2024-06-22T00:34:12 PST" name="setupBeforeTest" finished-at="2024-06-22T00:34:13 PST" duration-ms="166" status="PASS">
          <reporter-output>
          </reporter-output>
        </test-method> <!-- setupBeforeTest -->
        <test-method signature="performDivisionTest()[pri:0, instance:ian.project.testcases.CalculatorTests@5d0a1059]" started-at="2024-06-22T00:34:13 PST" name="performDivisionTest" finished-at="2024-06-22T00:34:13 PST" duration-ms="848" status="FAIL">
          <exception class="java.lang.AssertionError">
            <message>
              <![CDATA[expected [0.7142857142857143] but found [1.4]]]>
            </message>
            <full-stacktrace>
              <![CDATA[java.lang.AssertionError: expected [0.7142857142857143] but found [1.4]
at org.testng.Assert.fail(Assert.java:99)
at org.testng.Assert.failNotEquals(Assert.java:1037)
at org.testng.Assert.assertEqualsImpl(Assert.java:140)
at org.testng.Assert.assertEquals(Assert.java:122)
at org.testng.Assert.assertEquals(Assert.java:629)
at org.testng.Assert.assertEquals(Assert.java:639)
at ian.project.testcases.CalculatorTests.performDivisionTest(CalculatorTests.java:106)
at java.base/jdk.internal.reflect.NativeMethodAccessorImpl.invoke0(Native Method)
at java.base/jdk.internal.reflect.NativeMethodAccessorImpl.invoke(NativeMethodAccessorImpl.java:77)
at java.base/jdk.internal.reflect.DelegatingMethodAccessorImpl.invoke(DelegatingMethodAccessorImpl.java:43)
at java.base/java.lang.reflect.Method.invoke(Method.java:568)
at org.testng.internal.MethodInvocationHelper.invokeMethod(MethodInvocationHelper.java:133)
at org.testng.internal.TestInvoker.invokeMethod(TestInvoker.java:598)
at org.testng.internal.TestInvoker.invokeTestMethod(TestInvoker.java:173)
at org.testng.internal.MethodRunner.runInSequence(MethodRunner.java:46)
at org.testng.internal.TestInvoker$MethodInvocationAgent.invoke(TestInvoker.java:824)
at org.testng.internal.TestInvoker.invokeTestMethods(TestInvoker.java:146)
at org.testng.internal.TestMethodWorker.invokeTestMethods(TestMethodWorker.java:146)
at org.testng.internal.TestMethodWorker.run(TestMethodWorker.java:128)
at java.base/java.util.ArrayList.forEach(ArrayList.java:1511)
at org.testng.TestRunner.privateRun(TestRunner.java:794)
at org.testng.TestRunner.run(TestRunner.java:596)
at org.testng.SuiteRunner.runTest(SuiteRunner.java:377)
at org.testng.SuiteRunner.runSequentially(SuiteRunner.java:371)
at org.testng.SuiteRunner.privateRun(SuiteRunner.java:332)
at org.testng.SuiteRunner.run(SuiteRunner.java:276)
at org.testng.SuiteRunnerWorker.runSuite(SuiteRunnerWorker.java:53)
at org.testng.SuiteRunnerWorker.run(SuiteRunnerWorker.java:96)
at org.testng.TestNG.runSuitesSequentially(TestNG.java:1212)
at org.testng.TestNG.runSuitesLocally(TestNG.java:1134)
at org.testng.TestNG.runSuites(TestNG.java:1063)
at org.testng.TestNG.run(TestNG.java:1031)
at org.testng.remote.AbstractRemoteTestNG.run(AbstractRemoteTestNG.java:115)
at org.testng.remote.RemoteTestNG.initAndRun(RemoteTestNG.java:293)
at org.testng.remote.RemoteTestNG.main(RemoteTestNG.java:91)
]]>
            </full-stacktrace>
          </exception> <!-- java.lang.AssertionError -->
          <reporter-output>
          </reporter-output>
        </test-method> <!-- performDivisionTest -->
        <test-method is-config="true" signature="captureTest(org.testng.ITestResult)[pri:0, instance:ian.project.testcases.CalculatorTests@5d0a1059]" started-at="2024-06-22T00:34:13 PST" name="captureTest" finished-at="2024-06-22T00:34:16 PST" duration-ms="2139" status="PASS">
          <params>
            <param index="0">
              <value>
                <![CDATA[[TestResult name=performDivisionTest status=FAILURE method=CalculatorTests.performDivisionTest()[pri:0, instance:ian.project.testcases.CalculatorTests@5d0a1059] output={null}]]]>
              </value>
            </param>
          </params>
          <reporter-output>
            <line>
              <![CDATA[<a href='C:\Users\User\Documents\GitHub\rcgchallenge\test-output\screenshots\Report_22_06_2024_12_34_07_BUILD-8\performDivisionTest.png'> <img src='C:\Users\User\Documents\GitHub\rcgchallenge\test-output\screenshots\Report_22_06_2024_12_34_07_BUILD-8\performDivisionTest.png' height='100' width='100'/> </a>]]>
            </line>
          </reporter-output>
        </test-method> <!-- captureTest -->
        <test-method is-config="true" signature="setupBeforeTest()[pri:0, instance:ian.project.testcases.CalculatorTests@5d0a1059]" started-at="2024-06-22T00:34:16 PST" name="setupBeforeTest" finished-at="2024-06-22T00:34:16 PST" duration-ms="160" status="PASS">
          <reporter-output>
          </reporter-output>
        </test-method> <!-- setupBeforeTest -->
        <test-method signature="performMultiplicationTest()[pri:0, instance:ian.project.testcases.CalculatorTests@5d0a1059]" started-at="2024-06-22T00:34:16 PST" name="performMultiplicationTest" finished-at="2024-06-22T00:34:16 PST" duration-ms="642" status="PASS">
          <reporter-output>
          </reporter-output>
        </test-method> <!-- performMultiplicationTest -->
        <test-method is-config="true" signature="captureTest(org.testng.ITestResult)[pri:0, instance:ian.project.testcases.CalculatorTests@5d0a1059]" started-at="2024-06-22T00:34:16 PST" name="captureTest" finished-at="2024-06-22T00:34:19 PST" duration-ms="2130" status="PASS">
          <params>
            <param index="0">
              <value>
                <![CDATA[[TestResult name=performMultiplicationTest status=SUCCESS method=CalculatorTests.performMultiplicationTest()[pri:0, instance:ian.project.testcases.CalculatorTests@5d0a1059] output={null}]]]>
              </value>
            </param>
          </params>
          <reporter-output>
            <line>
              <![CDATA[<a href='C:\Users\User\Documents\GitHub\rcgchallenge\test-output\screenshots\Report_22_06_2024_12_34_07_BUILD-8\performMultiplicationTest.png'> <img src='C:\Users\User\Documents\GitHub\rcgchallenge\test-output\screenshots\Report_22_06_2024_12_34_07_BUILD-8\performMultiplicationTest.png' height='100' width='100'/> </a>]]>
            </line>
          </reporter-output>
        </test-method> <!-- captureTest -->
        <test-method is-config="true" signature="setupBeforeTest()[pri:0, instance:ian.project.testcases.CalculatorTests@5d0a1059]" started-at="2024-06-22T00:34:19 PST" name="setupBeforeTest" finished-at="2024-06-22T00:34:19 PST" duration-ms="162" status="PASS">
          <reporter-output>
          </reporter-output>
        </test-method> <!-- setupBeforeTest -->
        <test-method signature="performSubtractionTest()[pri:0, instance:ian.project.testcases.CalculatorTests@5d0a1059]" started-at="2024-06-22T00:34:19 PST" name="performSubtractionTest" finished-at="2024-06-22T00:34:19 PST" duration-ms="683" status="FAIL">
          <exception class="java.lang.AssertionError">
            <message>
              <![CDATA[expected [-6] but found [6]]]>
            </message>
            <full-stacktrace>
              <![CDATA[java.lang.AssertionError: expected [-6] but found [6]
at org.testng.Assert.fail(Assert.java:99)
at org.testng.Assert.failNotEquals(Assert.java:1037)
at org.testng.Assert.assertEqualsImpl(Assert.java:140)
at org.testng.Assert.assertEquals(Assert.java:122)
at org.testng.Assert.assertEquals(Assert.java:629)
at org.testng.Assert.assertEquals(Assert.java:639)
at ian.project.testcases.CalculatorTests.performSubtractionTest(CalculatorTests.java:92)
at java.base/jdk.internal.reflect.NativeMethodAccessorImpl.invoke0(Native Method)
at java.base/jdk.internal.reflect.NativeMethodAccessorImpl.invoke(NativeMethodAccessorImpl.java:77)
at java.base/jdk.internal.reflect.DelegatingMethodAccessorImpl.invoke(DelegatingMethodAccessorImpl.java:43)
at java.base/java.lang.reflect.Method.invoke(Method.java:568)
at org.testng.internal.MethodInvocationHelper.invokeMethod(MethodInvocationHelper.java:133)
at org.testng.internal.TestInvoker.invokeMethod(TestInvoker.java:598)
at org.testng.internal.TestInvoker.invokeTestMethod(TestInvoker.java:173)
at org.testng.internal.MethodRunner.runInSequence(MethodRunner.java:46)
at org.testng.internal.TestInvoker$MethodInvocationAgent.invoke(TestInvoker.java:824)
at org.testng.internal.TestInvoker.invokeTestMethods(TestInvoker.java:146)
at org.testng.internal.TestMethodWorker.invokeTestMethods(TestMethodWorker.java:146)
at org.testng.internal.TestMethodWorker.run(TestMethodWorker.java:128)
at java.base/java.util.ArrayList.forEach(ArrayList.java:1511)
at org.testng.TestRunner.privateRun(TestRunner.java:794)
at org.testng.TestRunner.run(TestRunner.java:596)
at org.testng.SuiteRunner.runTest(SuiteRunner.java:377)
at org.testng.SuiteRunner.runSequentially(SuiteRunner.java:371)
at org.testng.SuiteRunner.privateRun(SuiteRunner.java:332)
at org.testng.SuiteRunner.run(SuiteRunner.java:276)
at org.testng.SuiteRunnerWorker.runSuite(SuiteRunnerWorker.java:53)
at org.testng.SuiteRunnerWorker.run(SuiteRunnerWorker.java:96)
at org.testng.TestNG.runSuitesSequentially(TestNG.java:1212)
at org.testng.TestNG.runSuitesLocally(TestNG.java:1134)
at org.testng.TestNG.runSuites(TestNG.java:1063)
at org.testng.TestNG.run(TestNG.java:1031)
at org.testng.remote.AbstractRemoteTestNG.run(AbstractRemoteTestNG.java:115)
at org.testng.remote.RemoteTestNG.initAndRun(RemoteTestNG.java:293)
at org.testng.remote.RemoteTestNG.main(RemoteTestNG.java:91)
]]>
            </full-stacktrace>
          </exception> <!-- java.lang.AssertionError -->
          <reporter-output>
          </reporter-output>
        </test-method> <!-- performSubtractionTest -->
        <test-method is-config="true" signature="captureTest(org.testng.ITestResult)[pri:0, instance:ian.project.testcases.CalculatorTests@5d0a1059]" started-at="2024-06-22T00:34:19 PST" name="captureTest" finished-at="2024-06-22T00:34:22 PST" duration-ms="2150" status="PASS">
          <params>
            <param index="0">
              <value>
                <![CDATA[[TestResult name=performSubtractionTest status=FAILURE method=CalculatorTests.performSubtractionTest()[pri:0, instance:ian.project.testcases.CalculatorTests@5d0a1059] output={null}]]]>
              </value>
            </param>
          </params>
          <reporter-output>
            <line>
              <![CDATA[<a href='C:\Users\User\Documents\GitHub\rcgchallenge\test-output\screenshots\Report_22_06_2024_12_34_07_BUILD-8\performSubtractionTest.png'> <img src='C:\Users\User\Documents\GitHub\rcgchallenge\test-output\screenshots\Report_22_06_2024_12_34_07_BUILD-8\performSubtractionTest.png' height='100' width='100'/> </a>]]>
            </line>
          </reporter-output>
        </test-method> <!-- captureTest -->
        <test-method is-config="true" signature="tearDown()[pri:0, instance:ian.project.testcases.CalculatorTests@5d0a1059]" started-at="2024-06-22T00:34:22 PST" name="tearDown" finished-at="2024-06-22T00:34:22 PST" duration-ms="97" status="PASS">
          <reporter-output>
          </reporter-output>
        </test-method> <!-- tearDown -->
      </class> <!-- ian.project.testcases.CalculatorTests -->
    </test> <!-- Default test -->
  </suite> <!-- Default suite -->
</testng-results>
